
**** Clean-only build of configuration Debug for project MemGame ****

"c:\\ti\\ccsv6\\utils\\bin\\gmake" -k clean 
gmake: *** No rule to make target `clean'.

**** Build Finished ****

**** Build of configuration Debug for project MemGame ****

"c:\\ti\\ccsv6\\utils\\bin\\gmake" -k all 
'Building file: ../main.c'
'Invoking: MSP430 Compiler'
"c:/ti/ccsv6/tools/compiler/msp430_4.3.3/bin/cl430" -vmsp --abi=eabi --include_path="c:/ti/ccsv6/ccs_base/msp430/include" --include_path="c:/ti/ccsv6/tools/compiler/msp430_4.3.3/include" --advice:power=all -g --define=__MSP430G2553__ --diag_warning=225 --display_error_number --diag_wrap=off --printf_support=minimal --preproc_with_compile --preproc_dependency="main.pp"  "../main.c"
"../main.c", line 142: error #66: expected a ";"
"../main.c", line 148: error #66: expected a ";"
"../main.c", line 155: error #68: expected a "}"
"../main.c", line 140: remark #1544-D: (ULP 13.1) Detected loop counting up. Recommend loops count down as detecting zeros is easier
"../main.c", line 141: remark #2553-D: (ULP 14.1) Array index (involving "i") of type "int". Recommend using "unsigned int"
"../main.c", line 146: remark #1544-D: (ULP 13.1) Detected loop counting up. Recommend loops count down as detecting zeros is easier
"../main.c", line 147: remark #2553-D: (ULP 14.1) Array index (involving "i") of type "int". Recommend using "unsigned int"
"../main.c", line 256: error #20: identifier "PlayerTurn" is undefined
"../main.c", line 257: error #20: identifier "SequenceLength" is undefined
"../main.c", line 258: error #20: identifier "SequenceIndex" is undefined
"../main.c", line 262: warning #225-D: function "malloc" declared implicitly
"../main.c", line 262: error #20: identifier "NUMBER_0F_INPUTS" is undefined
"../main.c", line 262: warning #515-D: a value of type "int" cannot be assigned to an entity of type "SwitchDefine *"
"../main.c", line 266: error #137: struct "<unnamed>" has no field "CurrentSwitchReading"
"../main.c", line 277: warning #515-D: a value of type "int" cannot be assigned to an entity of type "SwitchDefine *"
"../main.c", line 280: error #137: struct "<unnamed>" has no field "CurrentSwitchReading"
"../main.c", line 264: remark #1544-D: (ULP 13.1) Detected loop counting up. Recommend loops count down as detecting zeros is easier
"../main.c", line 265: remark #2553-D: (ULP 14.1) Array index (involving "i") of type "int". Recommend using "unsigned int"
"../main.c", line 267: remark #2553-D: (ULP 14.1) Array index (involving "i") of type "int". Recommend using "unsigned int"
"../main.c", line 268: remark #2553-D: (ULP 14.1) Array index (involving "i") of type "int". Recommend using "unsigned int"
"../main.c", line 271: remark #2553-D: (ULP 14.1) Array index (involving "i") of type "int". Recommend using "unsigned int"
"../main.c", line 272: remark #2553-D: (ULP 14.1) Array index (involving "i") of type "int". Recommend using "unsigned int"
"../main.c", line 273: remark #2553-D: (ULP 14.1) Array index (involving "i") of type "int". Recommend using "unsigned int"
"../main.c", line 278: remark #1544-D: (ULP 13.1) Detected loop counting up. Recommend loops count down as detecting zeros is easier
"../main.c", line 279: remark #2553-D: (ULP 14.1) Array index (involving "i") of type "int". Recommend using "unsigned int"
"../main.c", line 281: remark #2553-D: (ULP 14.1) Array index (involving "i") of type "int". Recommend using "unsigned int"
"../main.c", line 282: remark #2553-D: (ULP 14.1) Array index (involving "i") of type "int". Recommend using "unsigned int"
"../main.c", line 285: remark #2553-D: (ULP 14.1) Array index (involving "i") of type "int". Recommend using "unsigned int"
"../main.c", line 286: remark #2553-D: (ULP 14.1) Array index (involving "i") of type "int". Recommend using "unsigned int"
"../main.c", line 287: remark #2553-D: (ULP 14.1) Array index (involving "i") of type "int". Recommend using "unsigned int"
"../main.c", line 324: error #20: identifier "PORTA" is undefined
"../main.c", line 326: error #20: identifier "PORTB" is undefined
"../main.c", line 357: warning #189-D: use of "=" where "==" may have been intended
"../main.c", line 362: error #20: identifier "sequenceSize" is undefined
"../main.c", line 384: warning #994-D: missing return statement at end of non-void function "takeTurn"

>> Compilation failure
"../main.c", line 350: remark #1544-D: (ULP 13.1) Detected loop counting up. Recommend loops count down as detecting zeros is easier
12 errors detected in the compilation of "../main.c".
gmake: *** [main.obj] Error 1
gmake: Target `all' not remade because of errors.

**** Build Finished ****

**** Build of configuration Debug for project MemGame ****

"c:\\ti\\ccsv6\\utils\\bin\\gmake" -k all 
'Building file: ../main.c'
'Invoking: MSP430 Compiler'
"c:/ti/ccsv6/tools/compiler/msp430_4.3.3/bin/cl430" -vmsp --abi=eabi --include_path="c:/ti/ccsv6/ccs_base/msp430/include" --include_path="c:/ti/ccsv6/tools/compiler/msp430_4.3.3/include" --advice:power=all -g --define=__MSP430G2553__ --diag_warning=225 --display_error_number --diag_wrap=off --printf_support=minimal --preproc_with_compile --preproc_dependency="main.pp"  "../main.c"
"../main.c", line 156: error #20: identifier "playterTurn" is undefined
"../main.c", line 183: error #20: identifier "playterTurn" is undefined
"../main.c", line 197: error #68: expected a "}"
"../main.c", line 140: remark #1544-D: (ULP 13.1) Detected loop counting up. Recommend loops count down as detecting zeros is easier
"../main.c", line 141: remark #2553-D: (ULP 14.1) Array index (involving "i") of type "int". Recommend using "unsigned int"
"../main.c", line 167: remark #1544-D: (ULP 13.1) Detected loop counting up. Recommend loops count down as detecting zeros is easier
"../main.c", line 168: remark #2553-D: (ULP 14.1) Array index (involving "i") of type "int". Recommend using "unsigned int"
"../main.c", line 298: error #20: identifier "PlayerTurn" is undefined
"../main.c", line 299: error #20: identifier "SequenceLength" is undefined
"../main.c", line 300: error #20: identifier "SequenceIndex" is undefined
"../main.c", line 304: warning #225-D: function "malloc" declared implicitly
"../main.c", line 304: error #20: identifier "NUMBER_0F_INPUTS" is undefined
"../main.c", line 304: warning #515-D: a value of type "int" cannot be assigned to an entity of type "SwitchDefine *"
"../main.c", line 308: error #137: struct "<unnamed>" has no field "CurrentSwitchReading"
"../main.c", line 319: warning #515-D: a value of type "int" cannot be assigned to an entity of type "SwitchDefine *"
"../main.c", line 322: error #137: struct "<unnamed>" has no field "CurrentSwitchReading"
"../main.c", line 306: remark #1544-D: (ULP 13.1) Detected loop counting up. Recommend loops count down as detecting zeros is easier
"../main.c", line 307: remark #2553-D: (ULP 14.1) Array index (involving "i") of type "int". Recommend using "unsigned int"
"../main.c", line 309: remark #2553-D: (ULP 14.1) Array index (involving "i") of type "int". Recommend using "unsigned int"
"../main.c", line 310: remark #2553-D: (ULP 14.1) Array index (involving "i") of type "int". Recommend using "unsigned int"
"../main.c", line 313: remark #2553-D: (ULP 14.1) Array index (involving "i") of type "int". Recommend using "unsigned int"
"../main.c", line 314: remark #2553-D: (ULP 14.1) Array index (involving "i") of type "int". Recommend using "unsigned int"
"../main.c", line 315: remark #2553-D: (ULP 14.1) Array index (involving "i") of type "int". Recommend using "unsigned int"
"../main.c", line 320: remark #1544-D: (ULP 13.1) Detected loop counting up. Recommend loops count down as detecting zeros is easier
"../main.c", line 321: remark #2553-D: (ULP 14.1) Array index (involving "i") of type "int". Recommend using "unsigned int"
"../main.c", line 323: remark #2553-D: (ULP 14.1) Array index (involving "i") of type "int". Recommend using "unsigned int"
"../main.c", line 324: remark #2553-D: (ULP 14.1) Array index (involving "i") of type "int". Recommend using "unsigned int"
"../main.c", line 327: remark #2553-D: (ULP 14.1) Array index (involving "i") of type "int". Recommend using "unsigned int"
"../main.c", line 328: remark #2553-D: (ULP 14.1) Array index (involving "i") of type "int". Recommend using "unsigned int"
"../main.c", line 329: remark #2553-D: (ULP 14.1) Array index (involving "i") of type "int". Recommend using "unsigned int"
"../main.c", line 366: error #20: identifier "PORTA" is undefined
"../main.c", line 368: error #20: identifier "PORTB" is undefined
"../main.c", line 404: error #20: identifier "sequenceSize" is undefined

"../main.c", line 392: remark #1544-D: (ULP 13.1) Detected loop counting up. Recommend loops count down as detecting zeros is easier
>> Compilation failure
"../main.c", line 432: remark #1544-D: (ULP 13.1) Detected loop counting up. Recommend loops count down as detecting zeros is easier
"../main.c", line 433: remark #2553-D: (ULP 14.1) Array index (involving "i") of type "int". Recommend using "unsigned int"
12 errors detected in the compilation of "../main.c".
gmake: *** [main.obj] Error 1
gmake: Target `all' not remade because of errors.

**** Build Finished ****

**** Build of configuration Debug for project MemGame ****

"c:\\ti\\ccsv6\\utils\\bin\\gmake" -k all 
'Building file: ../main.c'
'Invoking: MSP430 Compiler'
"c:/ti/ccsv6/tools/compiler/msp430_4.3.3/bin/cl430" -vmsp --abi=eabi --include_path="c:/ti/ccsv6/ccs_base/msp430/include" --include_path="c:/ti/ccsv6/tools/compiler/msp430_4.3.3/include" --advice:power=all -g --define=__MSP430G2553__ --diag_warning=225 --display_error_number --diag_wrap=off --printf_support=minimal --preproc_with_compile --preproc_dependency="main.pp"  "../main.c"
"../main.c", line 142: remark #1544-D: (ULP 13.1) Detected loop counting up. Recommend loops count down as detecting zeros is easier
"../main.c", line 169: remark #1544-D: (ULP 13.1) Detected loop counting up. Recommend loops count down as detecting zeros is easier
"../main.c", line 300: error #20: identifier "PlayerTurn" is undefined
"../main.c", line 301: error #20: identifier "SequenceLength" is undefined
"../main.c", line 302: error #20: identifier "SequenceIndex" is undefined
"../main.c", line 306: warning #225-D: function "malloc" declared implicitly
"../main.c", line 306: error #20: identifier "NUMBER_0F_INPUTS" is undefined
"../main.c", line 306: warning #515-D: a value of type "int" cannot be assigned to an entity of type "SwitchDefine *"
"../main.c", line 310: error #137: struct "<unnamed>" has no field "CurrentSwitchReading"
"../main.c", line 321: warning #515-D: a value of type "int" cannot be assigned to an entity of type "SwitchDefine *"
"../main.c", line 324: error #137: struct "<unnamed>" has no field "CurrentSwitchReading"
"../main.c", line 308: remark #1544-D: (ULP 13.1) Detected loop counting up. Recommend loops count down as detecting zeros is easier
"../main.c", line 309: remark #2553-D: (ULP 14.1) Array index (involving "i") of type "int". Recommend using "unsigned int"
"../main.c", line 311: remark #2553-D: (ULP 14.1) Array index (involving "i") of type "int". Recommend using "unsigned int"
"../main.c", line 312: remark #2553-D: (ULP 14.1) Array index (involving "i") of type "int". Recommend using "unsigned int"
"../main.c", line 315: remark #2553-D: (ULP 14.1) Array index (involving "i") of type "int". Recommend using "unsigned int"
"../main.c", line 316: remark #2553-D: (ULP 14.1) Array index (involving "i") of type "int". Recommend using "unsigned int"
"../main.c", line 317: remark #2553-D: (ULP 14.1) Array index (involving "i") of type "int". Recommend using "unsigned int"
"../main.c", line 322: remark #1544-D: (ULP 13.1) Detected loop counting up. Recommend loops count down as detecting zeros is easier
"../main.c", line 323: remark #2553-D: (ULP 14.1) Array index (involving "i") of type "int". Recommend using "unsigned int"
"../main.c", line 325: remark #2553-D: (ULP 14.1) Array index (involving "i") of type "int". Recommend using "unsigned int"
"../main.c", line 326: remark #2553-D: (ULP 14.1) Array index (involving "i") of type "int". Recommend using "unsigned int"
"../main.c", line 329: remark #2553-D: (ULP 14.1) Array index (involving "i") of type "int". Recommend using "unsigned int"
"../main.c", line 330: remark #2553-D: (ULP 14.1) Array index (involving "i") of type "int". Recommend using "unsigned int"
"../main.c", line 331: remark #2553-D: (ULP 14.1) Array index (involving "i") of type "int". Recommend using "unsigned int"
"../main.c", line 368: error #20: identifier "PORTA" is undefined
"../main.c", line 370: error #20: identifier "PORTB" is undefined
"../main.c", line 406: error #20: identifier "sequenceSize" is undefined
"../main.c", line 394: remark #1544-D: (ULP 13.1) Detected loop counting up. Recommend loops count down as detecting zeros is easier

>> Compilation failure
"../main.c", line 434: remark #1544-D: (ULP 13.1) Detected loop counting up. Recommend loops count down as detecting zeros is easier
"../main.c", line 435: remark #2553-D: (ULP 14.1) Array index (involving "i") of type "int". Recommend using "unsigned int"
9 errors detected in the compilation of "../main.c".
gmake: *** [main.obj] Error 1
gmake: Target `all' not remade because of errors.

**** Build Finished ****

**** Build of configuration Debug for project MemGame ****

"c:\\ti\\ccsv6\\utils\\bin\\gmake" -k all 
'Building file: ../main.c'
'Invoking: MSP430 Compiler'
"c:/ti/ccsv6/tools/compiler/msp430_4.3.3/bin/cl430" -vmsp --abi=eabi --include_path="c:/ti/ccsv6/ccs_base/msp430/include" --include_path="c:/ti/ccsv6/tools/compiler/msp430_4.3.3/include" --advice:power=all -g --define=__MSP430G2553__ --diag_warning=225 --display_error_number --diag_wrap=off --printf_support=minimal --preproc_with_compile --preproc_dependency="main.pp"  "../main.c"
"../main.c", line 142: remark #1544-D: (ULP 13.1) Detected loop counting up. Recommend loops count down as detecting zeros is easier
"../main.c", line 169: remark #1544-D: (ULP 13.1) Detected loop counting up. Recommend loops count down as detecting zeros is easier
"../main.c", line 306: warning #225-D: function "malloc" declared implicitly
"../main.c", line 306: error #20: identifier "NUMBER_0F_INPUTS" is undefined
"../main.c", line 306: warning #515-D: a value of type "int" cannot be assigned to an entity of type "SwitchDefine *"
"../main.c", line 310: error #137: struct "<unnamed>" has no field "CurrentSwitchReading"
"../main.c", line 321: warning #515-D: a value of type "int" cannot be assigned to an entity of type "SwitchDefine *"
"../main.c", line 324: error #137: struct "<unnamed>" has no field "CurrentSwitchReading"
"../main.c", line 308: remark #1544-D: (ULP 13.1) Detected loop counting up. Recommend loops count down as detecting zeros is easier
"../main.c", line 309: remark #2553-D: (ULP 14.1) Array index (involving "i") of type "int". Recommend using "unsigned int"
"../main.c", line 311: remark #2553-D: (ULP 14.1) Array index (involving "i") of type "int". Recommend using "unsigned int"
"../main.c", line 312: remark #2553-D: (ULP 14.1) Array index (involving "i") of type "int". Recommend using "unsigned int"
"../main.c", line 315: remark #2553-D: (ULP 14.1) Array index (involving "i") of type "int". Recommend using "unsigned int"
"../main.c", line 316: remark #2553-D: (ULP 14.1) Array index (involving "i") of type "int". Recommend using "unsigned int"
"../main.c", line 317: remark #2553-D: (ULP 14.1) Array index (involving "i") of type "int". Recommend using "unsigned int"
"../main.c", line 322: remark #1544-D: (ULP 13.1) Detected loop counting up. Recommend loops count down as detecting zeros is easier
"../main.c", line 323: remark #2553-D: (ULP 14.1) Array index (involving "i") of type "int". Recommend using "unsigned int"
"../main.c", line 325: remark #2553-D: (ULP 14.1) Array index (involving "i") of type "int". Recommend using "unsigned int"
"../main.c", line 326: remark #2553-D: (ULP 14.1) Array index (involving "i") of type "int". Recommend using "unsigned int"
"../main.c", line 329: remark #2553-D: (ULP 14.1) Array index (involving "i") of type "int". Recommend using "unsigned int"
"../main.c", line 330: remark #2553-D: (ULP 14.1) Array index (involving "i") of type "int". Recommend using "unsigned int"
"../main.c", line 331: remark #2553-D: (ULP 14.1) Array index (involving "i") of type "int". Recommend using "unsigned int"
"../main.c", line 368: error #20: identifier "PORTA" is undefined
"../main.c", line 370: error #20: identifier "PORTB" is undefined
"../main.c", line 406: error #20: identifier "sequenceSize" is undefined
"../main.c", line 394: remark #1544-D: (ULP 13.1) Detected loop counting up. Recommend loops count down as detecting zeros is easier
"../main.c", line 434: remark #1544-D: (ULP 13.1) Detected loop counting up. Recommend loops count down as detecting zeros is easier
"../main.c", line 435: remark #2553-D: (ULP 14.1) Array index (involving "i") of type "int". Recommend using "unsigned int"

>> Compilation failure
"../main.c", line 68: remark #1535-D: (ULP 8.1) variable "sequenceLength" is used as a constant. Recommend declaring variable as either 'static const' or 'const'
6 errors detected in the compilation of "../main.c".
gmake: *** [main.obj] Error 1
gmake: Target `all' not remade because of errors.

**** Build Finished ****

**** Build of configuration Debug for project MemGame ****

"c:\\ti\\ccsv6\\utils\\bin\\gmake" -k all 
'Building file: ../main.c'
'Invoking: MSP430 Compiler'
"c:/ti/ccsv6/tools/compiler/msp430_4.3.3/bin/cl430" -vmsp --abi=eabi --include_path="c:/ti/ccsv6/ccs_base/msp430/include" --include_path="c:/ti/ccsv6/tools/compiler/msp430_4.3.3/include" --advice:power=all -g --define=__MSP430G2553__ --diag_warning=225 --display_error_number --diag_wrap=off --printf_support=minimal --preproc_with_compile --preproc_dependency="main.pp"  "../main.c"
"../main.c", line 142: remark #1544-D: (ULP 13.1) Detected loop counting up. Recommend loops count down as detecting zeros is easier
"../main.c", line 169: remark #1544-D: (ULP 13.1) Detected loop counting up. Recommend loops count down as detecting zeros is easier
"../main.c", line 306: warning #225-D: function "malloc" declared implicitly
"../main.c", line 306: error #20: identifier "NUMBER_0F_INPUTS" is undefined
"../main.c", line 306: warning #515-D: a value of type "int" cannot be assigned to an entity of type "SwitchDefine *"
"../main.c", line 320: warning #515-D: a value of type "int" cannot be assigned to an entity of type "SwitchDefine *"
"../main.c", line 308: remark #1544-D: (ULP 13.1) Detected loop counting up. Recommend loops count down as detecting zeros is easier
"../main.c", line 309: remark #2553-D: (ULP 14.1) Array index (involving "i") of type "int". Recommend using "unsigned int"
"../main.c", line 310: remark #2553-D: (ULP 14.1) Array index (involving "i") of type "int". Recommend using "unsigned int"
"../main.c", line 311: remark #2553-D: (ULP 14.1) Array index (involving "i") of type "int". Recommend using "unsigned int"
"../main.c", line 314: remark #2553-D: (ULP 14.1) Array index (involving "i") of type "int". Recommend using "unsigned int"
"../main.c", line 315: remark #2553-D: (ULP 14.1) Array index (involving "i") of type "int". Recommend using "unsigned int"
"../main.c", line 316: remark #2553-D: (ULP 14.1) Array index (involving "i") of type "int". Recommend using "unsigned int"
"../main.c", line 321: remark #1544-D: (ULP 13.1) Detected loop counting up. Recommend loops count down as detecting zeros is easier
"../main.c", line 322: remark #2553-D: (ULP 14.1) Array index (involving "i") of type "int". Recommend using "unsigned int"
"../main.c", line 323: remark #2553-D: (ULP 14.1) Array index (involving "i") of type "int". Recommend using "unsigned int"
"../main.c", line 324: remark #2553-D: (ULP 14.1) Array index (involving "i") of type "int". Recommend using "unsigned int"
"../main.c", line 327: remark #2553-D: (ULP 14.1) Array index (involving "i") of type "int". Recommend using "unsigned int"
"../main.c", line 328: remark #2553-D: (ULP 14.1) Array index (involving "i") of type "int". Recommend using "unsigned int"
"../main.c", line 329: remark #2553-D: (ULP 14.1) Array index (involving "i") of type "int". Recommend using "unsigned int"
"../main.c", line 367: remark #1544-D: (ULP 13.1) Detected loop counting up. Recommend loops count down as detecting zeros is easier
"../main.c", line 368: remark #2553-D: (ULP 14.1) Array index (involving "i") of type "int". Recommend using "unsigned int"
"../main.c", line 369: remark #2553-D: (ULP 14.1) Array index (involving "i") of type "int". Recommend using "unsigned int"
"../main.c", line 405: error #20: identifier "sequenceSize" is undefined
"../main.c", line 391: remark #1544-D: (ULP 13.1) Detected loop counting up. Recommend loops count down as detecting zeros is easier
"../main.c", line 431: remark #1544-D: (ULP 13.1) Detected loop counting up. Recommend loops count down as detecting zeros is easier

"../main.c", line 432: remark #2553-D: (ULP 14.1) Array index (involving "i") of type "int". Recommend using "unsigned int"
"../main.c", line 68: remark #1535-D: (ULP 8.1) variable "sequenceLength" is used as a constant. Recommend declaring variable as either 'static const' or 'const'
>> Compilation failure
2 errors detected in the compilation of "../main.c".
gmake: *** [main.obj] Error 1
gmake: Target `all' not remade because of errors.

**** Build Finished ****

**** Build of configuration Debug for project MemGame ****

"c:\\ti\\ccsv6\\utils\\bin\\gmake" -k all 
'Building file: ../main.c'
'Invoking: MSP430 Compiler'
"c:/ti/ccsv6/tools/compiler/msp430_4.3.3/bin/cl430" -vmsp --abi=eabi --include_path="c:/ti/ccsv6/ccs_base/msp430/include" --include_path="c:/ti/ccsv6/tools/compiler/msp430_4.3.3/include" --advice:power=all -g --define=__MSP430G2553__ --diag_warning=225 --display_error_number --diag_wrap=off --printf_support=minimal --preproc_with_compile --preproc_dependency="main.pp"  "../main.c"
"../main.c", line 142: remark #1544-D: (ULP 13.1) Detected loop counting up. Recommend loops count down as detecting zeros is easier
"../main.c", line 169: remark #1544-D: (ULP 13.1) Detected loop counting up. Recommend loops count down as detecting zeros is easier
"../main.c", line 306: error #256: type name is not allowed
"../main.c", line 320: error #256: type name is not allowed
"../main.c", line 308: remark #1544-D: (ULP 13.1) Detected loop counting up. Recommend loops count down as detecting zeros is easier
"../main.c", line 309: remark #2553-D: (ULP 14.1) Array index (involving "i") of type "int". Recommend using "unsigned int"
"../main.c", line 310: remark #2553-D: (ULP 14.1) Array index (involving "i") of type "int". Recommend using "unsigned int"
"../main.c", line 311: remark #2553-D: (ULP 14.1) Array index (involving "i") of type "int". Recommend using "unsigned int"
"../main.c", line 314: remark #2553-D: (ULP 14.1) Array index (involving "i") of type "int". Recommend using "unsigned int"
"../main.c", line 315: remark #2553-D: (ULP 14.1) Array index (involving "i") of type "int". Recommend using "unsigned int"
"../main.c", line 316: remark #2553-D: (ULP 14.1) Array index (involving "i") of type "int". Recommend using "unsigned int"
"../main.c", line 321: remark #1544-D: (ULP 13.1) Detected loop counting up. Recommend loops count down as detecting zeros is easier
"../main.c", line 322: remark #2553-D: (ULP 14.1) Array index (involving "i") of type "int". Recommend using "unsigned int"
"../main.c", line 323: remark #2553-D: (ULP 14.1) Array index (involving "i") of type "int". Recommend using "unsigned int"
"../main.c", line 324: remark #2553-D: (ULP 14.1) Array index (involving "i") of type "int". Recommend using "unsigned int"
"../main.c", line 327: remark #2553-D: (ULP 14.1) Array index (involving "i") of type "int". Recommend using "unsigned int"
"../main.c", line 328: remark #2553-D: (ULP 14.1) Array index (involving "i") of type "int". Recommend using "unsigned int"
"../main.c", line 329: remark #2553-D: (ULP 14.1) Array index (involving "i") of type "int". Recommend using "unsigned int"
"../main.c", line 367: remark #1544-D: (ULP 13.1) Detected loop counting up. Recommend loops count down as detecting zeros is easier
"../main.c", line 368: remark #2553-D: (ULP 14.1) Array index (involving "i") of type "int". Recommend using "unsigned int"
"../main.c", line 369: remark #2553-D: (ULP 14.1) Array index (involving "i") of type "int". Recommend using "unsigned int"
"../main.c", line 391: remark #1544-D: (ULP 13.1) Detected loop counting up. Recommend loops count down as detecting zeros is easier
"../main.c", line 431: remark #1544-D: (ULP 13.1) Detected loop counting up. Recommend loops count down as detecting zeros is easier
"../main.c", line 432: remark #2553-D: (ULP 14.1) Array index (involving "i") of type "int". Recommend using "unsigned int"

>> Compilation failure
2 errors detected in the compilation of "../main.c".
gmake: *** [main.obj] Error 1
gmake: Target `all' not remade because of errors.

**** Build Finished ****

**** Build of configuration Debug for project MemGame ****

"c:\\ti\\ccsv6\\utils\\bin\\gmake" -k all 
'Building file: ../main.c'
'Invoking: MSP430 Compiler'
"c:/ti/ccsv6/tools/compiler/msp430_4.3.3/bin/cl430" -vmsp --abi=eabi --include_path="c:/ti/ccsv6/ccs_base/msp430/include" --include_path="c:/ti/ccsv6/tools/compiler/msp430_4.3.3/include" --advice:power=all -g --define=__MSP430G2553__ --diag_warning=225 --display_error_number --diag_wrap=off --printf_support=minimal --preproc_with_compile --preproc_dependency="main.pp"  "../main.c"
"../main.c", line 79: error #41: expected an identifier
"../main.c", line 79: error #66: expected a ";"
"../main.c", line 80: error #41: expected an identifier
"../main.c", line 80: error #66: expected a ";"
"../main.c", line 144: remark #1544-D: (ULP 13.1) Detected loop counting up. Recommend loops count down as detecting zeros is easier
"../main.c", line 145: remark #2553-D: (ULP 14.1) Array index (involving "i") of type "int". Recommend using "unsigned int"
"../main.c", line 171: remark #1544-D: (ULP 13.1) Detected loop counting up. Recommend loops count down as detecting zeros is easier
"../main.c", line 172: remark #2553-D: (ULP 14.1) Array index (involving "i") of type "int". Recommend using "unsigned int"
"../main.c", line 308: error #256: type name is not allowed
"../main.c", line 322: error #256: type name is not allowed
"../main.c", line 310: remark #1544-D: (ULP 13.1) Detected loop counting up. Recommend loops count down as detecting zeros is easier
"../main.c", line 311: remark #2553-D: (ULP 14.1) Array index (involving "i") of type "int". Recommend using "unsigned int"
"../main.c", line 312: remark #2553-D: (ULP 14.1) Array index (involving "i") of type "int". Recommend using "unsigned int"
"../main.c", line 313: remark #2553-D: (ULP 14.1) Array index (involving "i") of type "int". Recommend using "unsigned int"
"../main.c", line 316: remark #2553-D: (ULP 14.1) Array index (involving "i") of type "int". Recommend using "unsigned int"
"../main.c", line 317: remark #2553-D: (ULP 14.1) Array index (involving "i") of type "int". Recommend using "unsigned int"
"../main.c", line 318: remark #2553-D: (ULP 14.1) Array index (involving "i") of type "int". Recommend using "unsigned int"
"../main.c", line 323: remark #1544-D: (ULP 13.1) Detected loop counting up. Recommend loops count down as detecting zeros is easier
"../main.c", line 324: remark #2553-D: (ULP 14.1) Array index (involving "i") of type "int". Recommend using "unsigned int"
"../main.c", line 325: remark #2553-D: (ULP 14.1) Array index (involving "i") of type "int". Recommend using "unsigned int"
"../main.c", line 326: remark #2553-D: (ULP 14.1) Array index (involving "i") of type "int". Recommend using "unsigned int"
"../main.c", line 329: remark #2553-D: (ULP 14.1) Array index (involving "i") of type "int". Recommend using "unsigned int"
"../main.c", line 330: remark #2553-D: (ULP 14.1) Array index (involving "i") of type "int". Recommend using "unsigned int"
"../main.c", line 331: remark #2553-D: (ULP 14.1) Array index (involving "i") of type "int". Recommend using "unsigned int"
"../main.c", line 369: remark #1544-D: (ULP 13.1) Detected loop counting up. Recommend loops count down as detecting zeros is easier
"../main.c", line 370: remark #2553-D: (ULP 14.1) Array index (involving "i") of type "int". Recommend using "unsigned int"

"../main.c", line 371: remark #2553-D: (ULP 14.1) Array index (involving "i") of type "int". Recommend using "unsigned int"
>> Compilation failure
"../main.c", line 393: remark #1544-D: (ULP 13.1) Detected loop counting up. Recommend loops count down as detecting zeros is easier
"../main.c", line 433: remark #1544-D: (ULP 13.1) Detected loop counting up. Recommend loops count down as detecting zeros is easier
"../main.c", line 434: remark #2553-D: (ULP 14.1) Array index (involving "i") of type "int". Recommend using "unsigned int"
6 errors detected in the compilation of "../main.c".
gmake: *** [main.obj] Error 1
gmake: Target `all' not remade because of errors.

**** Build Finished ****

**** Build of configuration Debug for project MemGame ****

"c:\\ti\\ccsv6\\utils\\bin\\gmake" -k all 
'Building file: ../main.c'
'Invoking: MSP430 Compiler'
"c:/ti/ccsv6/tools/compiler/msp430_4.3.3/bin/cl430" -vmsp --abi=eabi --include_path="c:/ti/ccsv6/ccs_base/msp430/include" --include_path="c:/ti/ccsv6/tools/compiler/msp430_4.3.3/include" --advice:power=all -g --define=__MSP430G2553__ --diag_warning=225 --display_error_number --diag_wrap=off --printf_support=minimal --preproc_with_compile --preproc_dependency="main.pp"  "../main.c"
"../main.c", line 144: remark #1544-D: (ULP 13.1) Detected loop counting up. Recommend loops count down as detecting zeros is easier
"../main.c", line 171: remark #1544-D: (ULP 13.1) Detected loop counting up. Recommend loops count down as detecting zeros is easier
"../main.c", line 308: error #256: type name is not allowed
"../main.c", line 322: error #256: type name is not allowed
"../main.c", line 310: remark #1544-D: (ULP 13.1) Detected loop counting up. Recommend loops count down as detecting zeros is easier
"../main.c", line 311: remark #2553-D: (ULP 14.1) Array index (involving "i") of type "int". Recommend using "unsigned int"
"../main.c", line 312: remark #2553-D: (ULP 14.1) Array index (involving "i") of type "int". Recommend using "unsigned int"
"../main.c", line 313: remark #2553-D: (ULP 14.1) Array index (involving "i") of type "int". Recommend using "unsigned int"
"../main.c", line 316: remark #2553-D: (ULP 14.1) Array index (involving "i") of type "int". Recommend using "unsigned int"
"../main.c", line 317: remark #2553-D: (ULP 14.1) Array index (involving "i") of type "int". Recommend using "unsigned int"
"../main.c", line 318: remark #2553-D: (ULP 14.1) Array index (involving "i") of type "int". Recommend using "unsigned int"
"../main.c", line 323: remark #1544-D: (ULP 13.1) Detected loop counting up. Recommend loops count down as detecting zeros is easier
"../main.c", line 324: remark #2553-D: (ULP 14.1) Array index (involving "i") of type "int". Recommend using "unsigned int"
"../main.c", line 325: remark #2553-D: (ULP 14.1) Array index (involving "i") of type "int". Recommend using "unsigned int"
"../main.c", line 326: remark #2553-D: (ULP 14.1) Array index (involving "i") of type "int". Recommend using "unsigned int"
"../main.c", line 329: remark #2553-D: (ULP 14.1) Array index (involving "i") of type "int". Recommend using "unsigned int"
"../main.c", line 330: remark #2553-D: (ULP 14.1) Array index (involving "i") of type "int". Recommend using "unsigned int"
"../main.c", line 331: remark #2553-D: (ULP 14.1) Array index (involving "i") of type "int". Recommend using "unsigned int"
"../main.c", line 369: remark #1544-D: (ULP 13.1) Detected loop counting up. Recommend loops count down as detecting zeros is easier
"../main.c", line 370: remark #2553-D: (ULP 14.1) Array index (involving "i") of type "int". Recommend using "unsigned int"
"../main.c", line 371: remark #2553-D: (ULP 14.1) Array index (involving "i") of type "int". Recommend using "unsigned int"
"../main.c", line 393: remark #1544-D: (ULP 13.1) Detected loop counting up. Recommend loops count down as detecting zeros is easier
"../main.c", line 433: remark #1544-D: (ULP 13.1) Detected loop counting up. Recommend loops count down as detecting zeros is easier
"../main.c", line 434: remark #2553-D: (ULP 14.1) Array index (involving "i") of type "int". Recommend using "unsigned int"
2 errors detected in the compilation of "../main.c".

>> Compilation failure
gmake: *** [main.obj] Error 1
gmake: Target `all' not remade because of errors.

**** Build Finished ****

**** Build of configuration Debug for project MemGame ****

"c:\\ti\\ccsv6\\utils\\bin\\gmake" -k all 
'Building file: ../main.c'
'Invoking: MSP430 Compiler'
"c:/ti/ccsv6/tools/compiler/msp430_4.3.3/bin/cl430" -vmsp --abi=eabi --include_path="c:/ti/ccsv6/ccs_base/msp430/include" --include_path="c:/ti/ccsv6/tools/compiler/msp430_4.3.3/include" --advice:power=all -g --define=__MSP430G2553__ --diag_warning=225 --display_error_number --diag_wrap=off --printf_support=minimal --preproc_with_compile --preproc_dependency="main.pp"  "../main.c"
"../main.c", line 144: remark #1544-D: (ULP 13.1) Detected loop counting up. Recommend loops count down as detecting zeros is easier
"../main.c", line 171: remark #1544-D: (ULP 13.1) Detected loop counting up. Recommend loops count down as detecting zeros is easier
"../main.c", line 310: remark #1544-D: (ULP 13.1) Detected loop counting up. Recommend loops count down as detecting zeros is easier
"../main.c", line 311: remark #2553-D: (ULP 14.1) Array index (involving "i") of type "int". Recommend using "unsigned int"
"../main.c", line 312: remark #2553-D: (ULP 14.1) Array index (involving "i") of type "int". Recommend using "unsigned int"
"../main.c", line 313: remark #2553-D: (ULP 14.1) Array index (involving "i") of type "int". Recommend using "unsigned int"
"../main.c", line 316: remark #2553-D: (ULP 14.1) Array index (involving "i") of type "int". Recommend using "unsigned int"
"../main.c", line 317: remark #2553-D: (ULP 14.1) Array index (involving "i") of type "int". Recommend using "unsigned int"
"../main.c", line 318: remark #2553-D: (ULP 14.1) Array index (involving "i") of type "int". Recommend using "unsigned int"
"../main.c", line 323: remark #1544-D: (ULP 13.1) Detected loop counting up. Recommend loops count down as detecting zeros is easier
"../main.c", line 324: remark #2553-D: (ULP 14.1) Array index (involving "i") of type "int". Recommend using "unsigned int"
"../main.c", line 325: remark #2553-D: (ULP 14.1) Array index (involving "i") of type "int". Recommend using "unsigned int"
"../main.c", line 326: remark #2553-D: (ULP 14.1) Array index (involving "i") of type "int". Recommend using "unsigned int"
"../main.c", line 329: remark #2553-D: (ULP 14.1) Array index (involving "i") of type "int". Recommend using "unsigned int"
"../main.c", line 330: remark #2553-D: (ULP 14.1) Array index (involving "i") of type "int". Recommend using "unsigned int"
"../main.c", line 331: remark #2553-D: (ULP 14.1) Array index (involving "i") of type "int". Recommend using "unsigned int"
"../main.c", line 369: remark #1544-D: (ULP 13.1) Detected loop counting up. Recommend loops count down as detecting zeros is easier
"../main.c", line 370: remark #2553-D: (ULP 14.1) Array index (involving "i") of type "int". Recommend using "unsigned int"
"../main.c", line 371: remark #2553-D: (ULP 14.1) Array index (involving "i") of type "int". Recommend using "unsigned int"
"../main.c", line 393: remark #1544-D: (ULP 13.1) Detected loop counting up. Recommend loops count down as detecting zeros is easier
"../main.c", line 433: remark #1544-D: (ULP 13.1) Detected loop counting up. Recommend loops count down as detecting zeros is easier
"../main.c", line 434: remark #2553-D: (ULP 14.1) Array index (involving "i") of type "int". Recommend using "unsigned int"
'Finished building: ../main.c'
' '
'Building target: MemGame.out'
'Invoking: MSP430 Linker'
"c:/ti/ccsv6/tools/compiler/msp430_4.3.3/bin/cl430" -vmsp --abi=eabi --advice:power=all -g --define=__MSP430G2553__ --diag_warning=225 --display_error_number --diag_wrap=off --printf_support=minimal -z -m"MemGame.map" --heap_size=80 --stack_size=80 -i"c:/ti/ccsv6/ccs_base/msp430/include" -i"c:/ti/ccsv6/tools/compiler/msp430_4.3.3/lib" -i"c:/ti/ccsv6/tools/compiler/msp430_4.3.3/include" --reread_libs --warn_sections --display_error_number --diag_wrap=off --xml_link_info="MemGame_linkInfo.xml" --rom_model -o "MemGame.out"  "./main.obj" "../lnk_msp430g2553.cmd" -l"libc.a" 
<Linking>
remark #10422-D: (ULP 6.2) Detected use of a device with available 32-bit hardware multiplier and not also using MSPMATHLIB library (libmath.a).  Recommend using MSPMATHLIB library (libmath.a) for improved performance.
remark #10372-D: (ULP 4.1) Detected uninitialized Port 2 in this project. Recommend initializing all unused ports to eliminate wasted current consumption on unused pins.
remark #10372-D: (ULP 4.1) Detected uninitialized Port 3 in this project. Recommend initializing all unused ports to eliminate wasted current consumption on unused pins.
'Finished building target: MemGame.out'
' '

**** Build Finished ****
